timestamp: 2012-05-17T23:46:31.632940
CREATE TABLE auth_user(
    id INTEGER PRIMARY KEY AUTOINCREMENT,
    first_name CHAR(128),
    last_name CHAR(128),
    email CHAR(512),
    password CHAR(512),
    registration_key CHAR(512),
    reset_password_key CHAR(512),
    registration_id CHAR(512)
);
success!
timestamp: 2012-05-17T23:46:31.691618
CREATE TABLE auth_group(
    id INTEGER PRIMARY KEY AUTOINCREMENT,
    role CHAR(512),
    description TEXT
);
success!
timestamp: 2012-05-17T23:46:31.808744
CREATE TABLE auth_membership(
    id INTEGER PRIMARY KEY AUTOINCREMENT,
    user_id INTEGER REFERENCES auth_user(id) ON DELETE CASCADE,
    group_id INTEGER REFERENCES auth_group(id) ON DELETE CASCADE
);
success!
timestamp: 2012-05-17T23:46:31.886124
CREATE TABLE auth_permission(
    id INTEGER PRIMARY KEY AUTOINCREMENT,
    group_id INTEGER REFERENCES auth_group(id) ON DELETE CASCADE,
    name CHAR(512),
    table_name CHAR(512),
    record_id INTEGER
);
success!
timestamp: 2012-05-17T23:46:31.920349
CREATE TABLE auth_event(
    id INTEGER PRIMARY KEY AUTOINCREMENT,
    time_stamp TIMESTAMP,
    client_ip CHAR(512),
    user_id INTEGER REFERENCES auth_user(id) ON DELETE CASCADE,
    origin CHAR(512),
    description TEXT
);
success!
timestamp: 2012-05-17T23:46:31.994607
CREATE TABLE auth_cas(
    id INTEGER PRIMARY KEY AUTOINCREMENT,
    user_id INTEGER REFERENCES auth_user(id) ON DELETE CASCADE,
    created_on TIMESTAMP,
    service CHAR(512),
    ticket CHAR(512),
    renew CHAR(1)
);
success!
timestamp: 2012-05-18T14:02:19.625984
CREATE TABLE member(
    id INTEGER PRIMARY KEY AUTOINCREMENT,
    name CHAR(512),
    age INTEGER,
    description TEXT,
    status CHAR(512),
    avatar CHAR(512),
    created_on TIMESTAMP,
    created_by INTEGER REFERENCES auth_user(id) ON DELETE CASCADE,
    updated_on TIMESTAMP,
    updated_by INTEGER REFERENCES auth_user(id) ON DELETE CASCADE
);
success!
timestamp: 2012-05-18T14:02:19.684661
CREATE TABLE vote(
    id INTEGER PRIMARY KEY AUTOINCREMENT,
    members CHAR(512),
    start_at TIMESTAMP,
    end_at TIMESTAMP,
    active CHAR(1),
    created_on TIMESTAMP,
    created_by INTEGER REFERENCES auth_user(id) ON DELETE CASCADE,
    updated_on TIMESTAMP,
    updated_by INTEGER REFERENCES auth_user(id) ON DELETE CASCADE
);
success!
timestamp: 2012-05-19T00:23:56.328811
ALTER TABLE vote ADD member INTEGER REFERENCES member(id) ON DELETE CASCADE;
timestamp: 2012-05-19T01:14:19.046586
CREATE TABLE settings(
    id INTEGER PRIMARY KEY AUTOINCREMENT,
    no_poll_message CHAR(512),
    time_format CHAR(512),
    max_poll_member INTEGER,
    revel_poll_result CHAR(1)
);
success!
timestamp: 2012-05-19T01:15:33.728738
ALTER TABLE settings ADD updated_by INTEGER REFERENCES auth_user(id) ON DELETE CASCADE;
timestamp: 2012-05-19T01:15:33.777850
ALTER TABLE settings ADD created_by INTEGER REFERENCES auth_user(id) ON DELETE CASCADE;
timestamp: 2012-05-19T01:15:33.836970
ALTER TABLE settings ADD created_on TIMESTAMP;
timestamp: 2012-05-19T01:15:33.952292
ALTER TABLE settings ADD updated_on TIMESTAMP;
timestamp: 2012-05-20T21:08:54.433238
CREATE TABLE voting(
    id INTEGER PRIMARY KEY AUTOINCREMENT,
    vote_id INTEGER REFERENCES vote(id) ON DELETE CASCADE,
    member_id INTEGER REFERENCES vote(id) ON DELETE CASCADE
);
success!
